2025-04-26 11:47:21,599 [DEBUG] Librosa успешно импортирован, версия: 0.11.0
2025-04-26 11:47:22,932 [DEBUG] MoviePy успешно импортирован, версия: 2.1.1
2025-04-26 11:47:22,932 [DEBUG] Стандартный импорт не удался: No module named 'moviepy.editor'. Пробуем альтернативный импорт...
2025-04-26 11:47:22,932 [DEBUG] Импортирован VideoFileClip
2025-04-26 11:47:22,933 [DEBUG] Импортирован AudioFileClip
2025-04-26 11:47:22,933 [ERROR] Не удалось импортировать необходимые компоненты MoviePy: No module named 'moviepy.video.compositing.concatenate'
2025-04-26 11:47:46,243 [DEBUG] Librosa успешно импортирован, версия: 0.11.0
2025-04-26 11:47:46,425 [DEBUG] MoviePy успешно импортирован, версия: 2.1.1
2025-04-26 11:47:46,425 [DEBUG] Использован стандартный импорт из moviepy.editor
2025-04-26 11:47:46,425 [DEBUG] ВНИМАНИЕ: Метод subclip отсутствует в классе VideoFileClip
2025-04-26 11:47:46,425 [DEBUG] ВНИМАНИЕ: Метод set_duration отсутствует в классе VideoFileClip
2025-04-26 11:47:46,425 [DEBUG] ВНИМАНИЕ: Метод set_audio отсутствует в классе VideoFileClip
2025-04-26 11:47:46,425 [DEBUG] Отсутствующие методы в VideoFileClip: subclip, set_duration, set_audio
2025-04-26 11:47:46,433 [DEBUG] Начало выполнения программы
2025-04-26 11:47:46,433 [DEBUG] Конфигурация: {
  "input_dir": "inputs",
  "music_dir": "music",
  "output_dir": "output",
  "music_file": "track.mp3",
  "max_video_duration": 20.0,
  "num_output_videos": 1
}
2025-04-26 11:47:46,433 [DEBUG] Найдены видеофайлы в inputs: IMG_0047.mp4, IMG_1055.MOV, IMG_4267.MOV, IMG_6725.MOV, IMG_1834.MOV, IMG_7186.MOV, IMG_0047.MOV
2025-04-26 11:47:46,433 [DEBUG] Музыкальный файл найден: music/track.mp3
2025-04-26 11:47:46,433 [DEBUG] Проверена/создана директория: inputs
2025-04-26 11:47:46,434 [DEBUG] Проверена/создана директория: music
2025-04-26 11:47:46,434 [DEBUG] Проверена/создана директория: output
2025-04-26 11:47:46,434 [DEBUG] Создаю видео 1/1
2025-04-26 11:47:46,434 [DEBUG] Начинаю создание видео 1, максимальная длительность: 20.0 сек
2025-04-26 11:47:46,434 [DEBUG] Ищу видеофайлы в директории: inputs
2025-04-26 11:47:46,434 [DEBUG] Найден видеофайл: inputs/IMG_0047.mp4
2025-04-26 11:47:46,434 [DEBUG] Найден видеофайл: inputs/IMG_1055.MOV
2025-04-26 11:47:46,434 [DEBUG] Найден видеофайл: inputs/IMG_4267.MOV
2025-04-26 11:47:46,434 [DEBUG] Найден видеофайл: inputs/IMG_6725.MOV
2025-04-26 11:47:46,434 [DEBUG] Найден видеофайл: inputs/IMG_1834.MOV
2025-04-26 11:47:46,434 [DEBUG] Найден видеофайл: inputs/IMG_7186.MOV
2025-04-26 11:47:46,434 [DEBUG] Найден видеофайл: inputs/IMG_0047.MOV
2025-04-26 11:47:46,434 [DEBUG] Всего найдено видеофайлов: 7
2025-04-26 11:47:46,434 [DEBUG] Загружаю видеофайл: inputs/IMG_0047.mp4
2025-04-26 11:47:46,435 [DEBUG] Размер файла: 19139246 байт
2025-04-26 11:47:47,014 [DEBUG] Клип создан, проверяю его свойства...
2025-04-26 11:47:47,014 [DEBUG] Аудио удалено из клипа
2025-04-26 11:47:47,014 [DEBUG] Клип успешно загружен, длительность: 44.26 сек, размер: [1072, 1920]
2025-04-26 11:47:47,015 [DEBUG] Загружаю видеофайл: inputs/IMG_1055.MOV
2025-04-26 11:47:47,015 [DEBUG] Размер файла: 3776312 байт
2025-04-26 11:47:47,187 [DEBUG] Клип создан, проверяю его свойства...
2025-04-26 11:47:47,187 [DEBUG] Аудио удалено из клипа
2025-04-26 11:47:47,187 [DEBUG] Клип успешно загружен, длительность: 9.83 сек, размер: [720, 1280]
2025-04-26 11:47:47,187 [DEBUG] Загружаю видеофайл: inputs/IMG_4267.MOV
2025-04-26 11:47:47,187 [DEBUG] Размер файла: 17837910 байт
2025-04-26 11:47:47,364 [DEBUG] Клип создан, проверяю его свойства...
2025-04-26 11:47:47,364 [DEBUG] Аудио удалено из клипа
2025-04-26 11:47:47,364 [DEBUG] Клип успешно загружен, длительность: 46.51 сек, размер: [960, 1280]
2025-04-26 11:47:47,365 [DEBUG] Загружаю видеофайл: inputs/IMG_6725.MOV
2025-04-26 11:47:47,365 [DEBUG] Размер файла: 1365073 байт
2025-04-26 11:47:47,511 [DEBUG] Клип создан, проверяю его свойства...
2025-04-26 11:47:47,511 [DEBUG] Аудио удалено из клипа
2025-04-26 11:47:47,511 [DEBUG] Клип успешно загружен, длительность: 3.53 сек, размер: [720, 1280]
2025-04-26 11:47:47,511 [DEBUG] Загружаю видеофайл: inputs/IMG_1834.MOV
2025-04-26 11:47:47,512 [DEBUG] Размер файла: 9094815 байт
2025-04-26 11:47:47,790 [DEBUG] Клип создан, проверяю его свойства...
2025-04-26 11:47:47,790 [DEBUG] Аудио удалено из клипа
2025-04-26 11:47:47,790 [DEBUG] Клип успешно загружен, длительность: 10.81 сек, размер: [1440, 1920]
2025-04-26 11:47:47,790 [DEBUG] Загружаю видеофайл: inputs/IMG_7186.MOV
2025-04-26 11:47:47,790 [DEBUG] Размер файла: 3438133 байт
2025-04-26 11:47:48,005 [DEBUG] Клип создан, проверяю его свойства...
2025-04-26 11:47:48,005 [DEBUG] Аудио удалено из клипа
2025-04-26 11:47:48,006 [DEBUG] Клип успешно загружен, длительность: 4.10 сек, размер: [1072, 1920]
2025-04-26 11:47:48,006 [DEBUG] Загружаю видеофайл: inputs/IMG_0047.MOV
2025-04-26 11:47:48,006 [DEBUG] Размер файла: 36428053 байт
2025-04-26 11:47:48,204 [DEBUG] Клип создан, проверяю его свойства...
2025-04-26 11:47:48,204 [DEBUG] Аудио удалено из клипа
2025-04-26 11:47:48,204 [DEBUG] Клип успешно загружен, длительность: 44.26 сек, размер: [1072, 1920]
2025-04-26 11:47:48,204 [DEBUG] Успешно загружено 7 видеоклипов
2025-04-26 11:47:48,204 [DEBUG] Клипы перемешаны
2025-04-26 11:47:48,205 [DEBUG] Создаю подклипы из исходных видео...
2025-04-26 11:47:48,205 [DEBUG] Обрабатываю клип 1, длительность: 10.81 сек
2025-04-26 11:47:48,205 [DEBUG] Создаю подклип 1: начало=3.44, длительность=3.00
2025-04-26 11:47:48,205 [DEBUG] ОШИБКА при создании подклипа: 'VideoFileClip' object has no attribute 'set_duration'
2025-04-26 11:47:48,205 [DEBUG] Обрабатываю клип 2, длительность: 9.83 сек
2025-04-26 11:47:48,205 [DEBUG] Создаю подклип 2: начало=4.01, длительность=3.00
2025-04-26 11:47:48,205 [DEBUG] ОШИБКА при создании подклипа: 'VideoFileClip' object has no attribute 'set_duration'
2025-04-26 11:47:48,205 [DEBUG] Обрабатываю клип 3, длительность: 46.51 сек
2025-04-26 11:47:48,205 [DEBUG] Создаю подклип 3: начало=27.21, длительность=3.00
2025-04-26 11:47:48,205 [DEBUG] ОШИБКА при создании подклипа: 'VideoFileClip' object has no attribute 'set_duration'
2025-04-26 11:47:48,205 [DEBUG] Обрабатываю клип 4, длительность: 44.26 сек
2025-04-26 11:47:48,206 [DEBUG] Создаю подклип 4: начало=35.17, длительность=3.00
2025-04-26 11:47:48,206 [DEBUG] ОШИБКА при создании подклипа: 'VideoFileClip' object has no attribute 'set_duration'
2025-04-26 11:47:48,206 [DEBUG] Обрабатываю клип 5, длительность: 4.10 сек
2025-04-26 11:47:48,206 [DEBUG] Создаю подклип 5: начало=0.88, длительность=3.00
2025-04-26 11:47:48,206 [DEBUG] ОШИБКА при создании подклипа: 'VideoFileClip' object has no attribute 'set_duration'
2025-04-26 11:47:48,206 [DEBUG] Обрабатываю клип 6, длительность: 44.26 сек
2025-04-26 11:47:48,206 [DEBUG] Создаю подклип 6: начало=37.47, длительность=3.00
2025-04-26 11:47:48,206 [DEBUG] ОШИБКА при создании подклипа: 'VideoFileClip' object has no attribute 'set_duration'
2025-04-26 11:47:48,206 [DEBUG] Обрабатываю клип 7, длительность: 3.53 сек
2025-04-26 11:47:48,206 [DEBUG] Создаю подклип 7: начало=0.46, длительность=3.00
2025-04-26 11:47:48,207 [DEBUG] ОШИБКА при создании подклипа: 'VideoFileClip' object has no attribute 'set_duration'
2025-04-26 11:47:48,207 [DEBUG] ОШИБКА: Нет подклипов для соединения
2025-04-26 11:47:48,207 [ERROR] Не удалось создать видео 1
2025-04-26 11:47:48,207 [DEBUG] Не удалось создать ни одного видео
2025-04-26 11:47:48,207 [WARNING] Не удалось создать ни одного видео
2025-04-26 11:47:48,207 [INFO] Отладочная информация сохранена в файл debug_info.txt
2025-04-26 11:49:59,758 [DEBUG] Librosa успешно импортирован, версия: 0.11.0
2025-04-26 11:49:59,992 [DEBUG] MoviePy успешно импортирован, версия: 2.1.1
2025-04-26 11:49:59,992 [DEBUG] Стандартный импорт не удался: No module named 'moviepy.editor'. Пробуем альтернативный импорт...
2025-04-26 11:49:59,992 [DEBUG] Импортирован VideoFileClip
2025-04-26 11:49:59,992 [DEBUG] Импортирован AudioFileClip
2025-04-26 11:49:59,993 [ERROR] Не удалось импортировать необходимые компоненты MoviePy: No module named 'moviepy.video.compositing.concatenate'
2025-04-26 11:51:52,489 [DEBUG] Librosa успешно импортирован, версия: 0.11.0
2025-04-26 11:51:52,490 [DEBUG] MoviePy успешно импортирован, версия: 1.0.3
2025-04-26 11:51:53,722 [DEBUG] Использован стандартный импорт из moviepy.editor
2025-04-26 11:51:53,722 [DEBUG] Все необходимые методы присутствуют в классе VideoFileClip
2025-04-26 11:51:53,723 [DEBUG] Начало выполнения программы
2025-04-26 11:51:53,723 [DEBUG] Конфигурация: {
  "input_dir": "inputs",
  "music_dir": "music",
  "output_dir": "output",
  "music_file": "track.mp3",
  "max_video_duration": 20.0,
  "num_output_videos": 1
}
2025-04-26 11:51:53,724 [DEBUG] Найдены видеофайлы в inputs: IMG_0047.mp4, IMG_1055.MOV, IMG_4267.MOV, IMG_6725.MOV, IMG_1834.MOV, IMG_7186.MOV, IMG_0047.MOV
2025-04-26 11:51:53,724 [DEBUG] Музыкальный файл найден: music/track.mp3
2025-04-26 11:51:53,724 [DEBUG] Проверена/создана директория: inputs
2025-04-26 11:51:53,724 [DEBUG] Проверена/создана директория: music
2025-04-26 11:51:53,724 [DEBUG] Проверена/создана директория: output
2025-04-26 11:51:53,724 [DEBUG] Создаю видео 1/1
2025-04-26 11:51:53,724 [DEBUG] Начинаю создание видео 1, максимальная длительность: 20.0 сек
2025-04-26 11:51:53,725 [DEBUG] Ищу видеофайлы в директории: inputs
2025-04-26 11:51:53,725 [DEBUG] Найден видеофайл: inputs/IMG_0047.mp4
2025-04-26 11:51:53,725 [DEBUG] Найден видеофайл: inputs/IMG_1055.MOV
2025-04-26 11:51:53,725 [DEBUG] Найден видеофайл: inputs/IMG_4267.MOV
2025-04-26 11:51:53,725 [DEBUG] Найден видеофайл: inputs/IMG_6725.MOV
2025-04-26 11:51:53,725 [DEBUG] Найден видеофайл: inputs/IMG_1834.MOV
2025-04-26 11:51:53,725 [DEBUG] Найден видеофайл: inputs/IMG_7186.MOV
2025-04-26 11:51:53,725 [DEBUG] Найден видеофайл: inputs/IMG_0047.MOV
2025-04-26 11:51:53,725 [DEBUG] Всего найдено видеофайлов: 7
2025-04-26 11:51:53,726 [DEBUG] Загружаю видеофайл: inputs/IMG_0047.mp4
2025-04-26 11:51:53,726 [DEBUG] Размер файла: 19139246 байт
2025-04-26 11:51:53,877 [DEBUG] Клип создан, проверяю его свойства...
2025-04-26 11:51:53,878 [DEBUG] Аудио удалено из клипа
2025-04-26 11:51:53,878 [DEBUG] Клип успешно загружен, длительность: 44.26 сек, размер: [1072, 1920]
2025-04-26 11:51:53,878 [DEBUG] Загружаю видеофайл: inputs/IMG_1055.MOV
2025-04-26 11:51:53,878 [DEBUG] Размер файла: 3776312 байт
2025-04-26 11:51:53,994 [DEBUG] Клип создан, проверяю его свойства...
2025-04-26 11:51:53,994 [DEBUG] Аудио удалено из клипа
2025-04-26 11:51:53,995 [DEBUG] Клип успешно загружен, длительность: 9.83 сек, размер: [720, 1280]
2025-04-26 11:51:53,995 [DEBUG] Загружаю видеофайл: inputs/IMG_4267.MOV
2025-04-26 11:51:53,995 [DEBUG] Размер файла: 17837910 байт
2025-04-26 11:51:54,152 [DEBUG] Клип создан, проверяю его свойства...
2025-04-26 11:51:54,152 [DEBUG] Аудио удалено из клипа
2025-04-26 11:51:54,152 [DEBUG] Клип успешно загружен, длительность: 46.51 сек, размер: [960, 1280]
2025-04-26 11:51:54,152 [DEBUG] Загружаю видеофайл: inputs/IMG_6725.MOV
2025-04-26 11:51:54,153 [DEBUG] Размер файла: 1365073 байт
2025-04-26 11:51:54,276 [DEBUG] Клип создан, проверяю его свойства...
2025-04-26 11:51:54,276 [DEBUG] Аудио удалено из клипа
2025-04-26 11:51:54,276 [DEBUG] Клип успешно загружен, длительность: 3.53 сек, размер: [720, 1280]
2025-04-26 11:51:54,276 [DEBUG] Загружаю видеофайл: inputs/IMG_1834.MOV
2025-04-26 11:51:54,276 [DEBUG] Размер файла: 9094815 байт
2025-04-26 11:51:54,542 [DEBUG] Клип создан, проверяю его свойства...
2025-04-26 11:51:54,542 [DEBUG] Аудио удалено из клипа
2025-04-26 11:51:54,542 [DEBUG] Клип успешно загружен, длительность: 10.81 сек, размер: [1440, 1920]
2025-04-26 11:51:54,542 [DEBUG] Загружаю видеофайл: inputs/IMG_7186.MOV
2025-04-26 11:51:54,542 [DEBUG] Размер файла: 3438133 байт
2025-04-26 11:51:54,719 [DEBUG] Клип создан, проверяю его свойства...
2025-04-26 11:51:54,720 [DEBUG] Аудио удалено из клипа
2025-04-26 11:51:54,720 [DEBUG] Клип успешно загружен, длительность: 4.10 сек, размер: [1072, 1920]
2025-04-26 11:51:54,720 [DEBUG] Загружаю видеофайл: inputs/IMG_0047.MOV
2025-04-26 11:51:54,720 [DEBUG] Размер файла: 36428053 байт
2025-04-26 11:51:54,885 [DEBUG] Клип создан, проверяю его свойства...
2025-04-26 11:51:54,885 [DEBUG] Аудио удалено из клипа
2025-04-26 11:51:54,885 [DEBUG] Клип успешно загружен, длительность: 44.26 сек, размер: [1072, 1920]
2025-04-26 11:51:54,885 [DEBUG] Успешно загружено 7 видеоклипов
2025-04-26 11:51:54,885 [DEBUG] Клипы перемешаны
2025-04-26 11:51:54,885 [DEBUG] Создаю подклипы из исходных видео...
2025-04-26 11:51:54,885 [DEBUG] Обрабатываю клип 1, длительность: 44.26 сек
2025-04-26 11:51:54,885 [DEBUG] Создаю подклип 1: начало=30.35, длительность=3.00
2025-04-26 11:51:55,138 [DEBUG] Подклип создан методом subclip, длительность: 3.00
2025-04-26 11:51:55,139 [DEBUG] Добавлен подклип 1, общая длительность: 3.00 сек
2025-04-26 11:51:55,139 [DEBUG] Обрабатываю клип 2, длительность: 9.83 сек
2025-04-26 11:51:55,139 [DEBUG] Создаю подклип 2: начало=2.14, длительность=3.00
2025-04-26 11:51:55,313 [DEBUG] Подклип создан методом subclip, длительность: 3.00
2025-04-26 11:51:55,314 [DEBUG] Добавлен подклип 2, общая длительность: 6.00 сек
2025-04-26 11:51:55,314 [DEBUG] Обрабатываю клип 3, длительность: 44.26 сек
2025-04-26 11:51:55,314 [DEBUG] Создаю подклип 3: начало=24.60, длительность=3.00
2025-04-26 11:51:55,515 [DEBUG] Подклип создан методом subclip, длительность: 3.00
2025-04-26 11:51:55,516 [DEBUG] Добавлен подклип 3, общая длительность: 9.00 сек
2025-04-26 11:51:55,516 [DEBUG] Обрабатываю клип 4, длительность: 4.10 сек
2025-04-26 11:51:55,516 [DEBUG] Создаю подклип 4: начало=0.74, длительность=3.00
2025-04-26 11:51:55,637 [DEBUG] Подклип создан методом subclip, длительность: 3.00
2025-04-26 11:51:55,637 [DEBUG] Добавлен подклип 4, общая длительность: 12.00 сек
2025-04-26 11:51:55,637 [DEBUG] Обрабатываю клип 5, длительность: 46.51 сек
2025-04-26 11:51:55,637 [DEBUG] Создаю подклип 5: начало=28.93, длительность=3.00
2025-04-26 11:51:55,841 [DEBUG] Подклип создан методом subclip, длительность: 3.00
2025-04-26 11:51:55,841 [DEBUG] Добавлен подклип 5, общая длительность: 15.00 сек
2025-04-26 11:51:55,841 [DEBUG] Обрабатываю клип 6, длительность: 10.81 сек
2025-04-26 11:51:55,842 [DEBUG] Создаю подклип 6: начало=5.58, длительность=3.00
2025-04-26 11:51:56,272 [DEBUG] Подклип создан методом subclip, длительность: 3.00
2025-04-26 11:51:56,272 [DEBUG] Добавлен подклип 6, общая длительность: 18.00 сек
2025-04-26 11:51:56,272 [DEBUG] Обрабатываю клип 7, длительность: 3.53 сек
2025-04-26 11:51:56,272 [DEBUG] Создаю подклип 7: начало=0.74, длительность=2.00
2025-04-26 11:51:56,343 [DEBUG] Подклип создан методом subclip, длительность: 2.00
2025-04-26 11:51:56,343 [DEBUG] Добавлен подклип 7, общая длительность: 20.00 сек
2025-04-26 11:51:56,343 [DEBUG] Достигнута максимальная длительность: 20.00 сек
2025-04-26 11:51:56,343 [DEBUG] Создано 7 подклипов, общая длительность: 20.00 сек
2025-04-26 11:51:56,343 [DEBUG] Соединяю подклипы в одно видео...
2025-04-26 11:51:56,444 [DEBUG] Клипы соединены, проверяю длительность: 20.00 сек
2025-04-26 11:51:56,445 [DEBUG] Загружаю музыкальный файл: music/track.mp3
2025-04-26 11:51:56,490 [DEBUG] Музыкальный файл загружен, длительность: 160.66 сек
2025-04-26 11:51:56,490 [DEBUG] Аудио обрезано до 20.00 сек
2025-04-26 11:51:56,491 [DEBUG] Аудио добавлено к видео
2025-04-26 11:51:56,491 [DEBUG] Начинаю экспорт видео в: output/final_video_0.mp4
2025-04-26 11:51:56,491 [DEBUG] Создан временный файл для экспорта: /tmp/tmpd_lxhauy.mp4
2025-04-26 11:52:30,441 [DEBUG] Видео успешно создано во временный файл, размер: 8702339 байт
2025-04-26 11:52:30,442 [DEBUG] Временный файл перемещен в конечное место: output/final_video_0.mp4
2025-04-26 11:52:30,863 [DEBUG] Видео успешно создано за 1745643150.13 секунд
2025-04-26 11:52:30,863 [DEBUG] Итоговый файл: output/final_video_0.mp4, размер: 8702339 байт
2025-04-26 11:52:30,863 [INFO] Создано видео 1/1: output/final_video_0.mp4
2025-04-26 11:52:30,863 [DEBUG] Успешно создано 1 видео
2025-04-26 11:52:30,863 [INFO] Готово! Создано 1 видео:
2025-04-26 11:52:30,863 [INFO]   1. output/final_video_0.mp4
2025-04-26 11:52:30,864 [INFO] Отладочная информация сохранена в файл debug_info.txt
2025-04-27 17:26:42,437 [DEBUG] Librosa успешно импортирован, версия: 0.11.0
2025-04-27 17:26:42,438 [DEBUG] MoviePy успешно импортирован, версия: 1.0.3
2025-04-27 17:26:43,849 [DEBUG] Использован стандартный импорт из moviepy.editor
2025-04-27 17:26:43,850 [DEBUG] Все необходимые методы присутствуют в классе VideoFileClip
2025-04-27 17:26:43,850 [DEBUG] Начало выполнения программы
2025-04-27 17:26:43,850 [DEBUG] Конфигурация: {
  "input_dir": "inputs",
  "music_dir": "music",
  "output_dir": "output",
  "music_file": "track.mp3",
  "max_video_duration": 20.0,
  "num_output_videos": 1
}
2025-04-27 17:26:43,850 [DEBUG] Найдены видеофайлы в inputs: IMG_0047.mp4, IMG_1055.MOV, IMG_4267.MOV, IMG_6725.MOV, IMG_1834.MOV, IMG_7186.MOV, IMG_0047.MOV
2025-04-27 17:26:43,850 [DEBUG] Музыкальный файл найден: music/track.mp3
2025-04-27 17:26:43,851 [DEBUG] Проверена/создана директория: inputs
2025-04-27 17:26:43,851 [DEBUG] Проверена/создана директория: music
2025-04-27 17:26:43,851 [DEBUG] Проверена/создана директория: output
2025-04-27 17:26:43,851 [DEBUG] Создаю видео 1/1
2025-04-27 17:26:43,851 [DEBUG] Начинаю создание видео 1, максимальная длительность: 20.0 сек
2025-04-27 17:26:43,851 [DEBUG] Ищу видеофайлы в директории: inputs
2025-04-27 17:26:43,851 [DEBUG] Найден видеофайл: inputs/IMG_0047.mp4
2025-04-27 17:26:43,851 [DEBUG] Найден видеофайл: inputs/IMG_1055.MOV
2025-04-27 17:26:43,851 [DEBUG] Найден видеофайл: inputs/IMG_4267.MOV
2025-04-27 17:26:43,851 [DEBUG] Найден видеофайл: inputs/IMG_6725.MOV
2025-04-27 17:26:43,851 [DEBUG] Найден видеофайл: inputs/IMG_1834.MOV
2025-04-27 17:26:43,851 [DEBUG] Найден видеофайл: inputs/IMG_7186.MOV
2025-04-27 17:26:43,851 [DEBUG] Найден видеофайл: inputs/IMG_0047.MOV
2025-04-27 17:26:43,851 [DEBUG] Всего найдено видеофайлов: 7
2025-04-27 17:26:43,851 [DEBUG] Загружаю видеофайл: inputs/IMG_0047.mp4
2025-04-27 17:26:43,851 [DEBUG] Размер файла: 19139246 байт
2025-04-27 17:26:44,264 [DEBUG] Клип создан, проверяю его свойства...
2025-04-27 17:26:44,264 [DEBUG] Аудио удалено из клипа
2025-04-27 17:26:44,264 [DEBUG] Клип успешно загружен, длительность: 44.26 сек, размер: [1072, 1920]
2025-04-27 17:26:44,264 [DEBUG] Загружаю видеофайл: inputs/IMG_1055.MOV
2025-04-27 17:26:44,264 [DEBUG] Размер файла: 3776312 байт
2025-04-27 17:26:44,344 [DEBUG] Клип создан, проверяю его свойства...
2025-04-27 17:26:44,344 [DEBUG] Аудио удалено из клипа
2025-04-27 17:26:44,344 [DEBUG] Клип успешно загружен, длительность: 9.83 сек, размер: [720, 1280]
2025-04-27 17:26:44,344 [DEBUG] Загружаю видеофайл: inputs/IMG_4267.MOV
2025-04-27 17:26:44,344 [DEBUG] Размер файла: 17837910 байт
2025-04-27 17:26:44,444 [DEBUG] Клип создан, проверяю его свойства...
2025-04-27 17:26:44,444 [DEBUG] Аудио удалено из клипа
2025-04-27 17:26:44,444 [DEBUG] Клип успешно загружен, длительность: 46.51 сек, размер: [960, 1280]
2025-04-27 17:26:44,444 [DEBUG] Загружаю видеофайл: inputs/IMG_6725.MOV
2025-04-27 17:26:44,444 [DEBUG] Размер файла: 1365073 байт
2025-04-27 17:26:44,528 [DEBUG] Клип создан, проверяю его свойства...
2025-04-27 17:26:44,528 [DEBUG] Аудио удалено из клипа
2025-04-27 17:26:44,528 [DEBUG] Клип успешно загружен, длительность: 3.53 сек, размер: [720, 1280]
2025-04-27 17:26:44,528 [DEBUG] Загружаю видеофайл: inputs/IMG_1834.MOV
2025-04-27 17:26:44,528 [DEBUG] Размер файла: 9094815 байт
2025-04-27 17:26:44,685 [DEBUG] Клип создан, проверяю его свойства...
2025-04-27 17:26:44,685 [DEBUG] Аудио удалено из клипа
2025-04-27 17:26:44,686 [DEBUG] Клип успешно загружен, длительность: 10.81 сек, размер: [1440, 1920]
2025-04-27 17:26:44,686 [DEBUG] Загружаю видеофайл: inputs/IMG_7186.MOV
2025-04-27 17:26:44,686 [DEBUG] Размер файла: 3438133 байт
2025-04-27 17:26:44,809 [DEBUG] Клип создан, проверяю его свойства...
2025-04-27 17:26:44,809 [DEBUG] Аудио удалено из клипа
2025-04-27 17:26:44,809 [DEBUG] Клип успешно загружен, длительность: 4.10 сек, размер: [1072, 1920]
2025-04-27 17:26:44,810 [DEBUG] Загружаю видеофайл: inputs/IMG_0047.MOV
2025-04-27 17:26:44,810 [DEBUG] Размер файла: 36428053 байт
2025-04-27 17:26:44,922 [DEBUG] Клип создан, проверяю его свойства...
2025-04-27 17:26:44,922 [DEBUG] Аудио удалено из клипа
2025-04-27 17:26:44,923 [DEBUG] Клип успешно загружен, длительность: 44.26 сек, размер: [1072, 1920]
2025-04-27 17:26:44,923 [DEBUG] Успешно загружено 7 видеоклипов
2025-04-27 17:26:44,923 [DEBUG] Клипы перемешаны
2025-04-27 17:26:44,923 [DEBUG] Создаю подклипы из исходных видео...
2025-04-27 17:26:44,923 [DEBUG] Обрабатываю клип 1, длительность: 3.53 сек
2025-04-27 17:26:44,923 [DEBUG] Создаю подклип 1: начало=0.18, длительность=3.00
2025-04-27 17:26:44,930 [DEBUG] Подклип создан методом subclip, длительность: 3.00
2025-04-27 17:26:44,930 [DEBUG] Добавлен подклип 1, общая длительность: 3.00 сек
2025-04-27 17:26:44,930 [DEBUG] Обрабатываю клип 2, длительность: 10.81 сек
2025-04-27 17:26:44,930 [DEBUG] Создаю подклип 2: начало=4.41, длительность=3.00
2025-04-27 17:26:45,171 [DEBUG] Подклип создан методом subclip, длительность: 3.00
2025-04-27 17:26:45,171 [DEBUG] Добавлен подклип 2, общая длительность: 6.00 сек
2025-04-27 17:26:45,171 [DEBUG] Обрабатываю клип 3, длительность: 44.26 сек
2025-04-27 17:26:45,171 [DEBUG] Создаю подклип 3: начало=10.47, длительность=3.00
2025-04-27 17:26:45,352 [DEBUG] Подклип создан методом subclip, длительность: 3.00
2025-04-27 17:26:45,352 [DEBUG] Добавлен подклип 3, общая длительность: 9.00 сек
2025-04-27 17:26:45,352 [DEBUG] Обрабатываю клип 4, длительность: 44.26 сек
2025-04-27 17:26:45,352 [DEBUG] Создаю подклип 4: начало=28.59, длительность=3.00
2025-04-27 17:26:45,556 [DEBUG] Подклип создан методом subclip, длительность: 3.00
2025-04-27 17:26:45,556 [DEBUG] Добавлен подклип 4, общая длительность: 12.00 сек
2025-04-27 17:26:45,556 [DEBUG] Обрабатываю клип 5, длительность: 9.83 сек
2025-04-27 17:26:45,556 [DEBUG] Создаю подклип 5: начало=1.35, длительность=3.00
2025-04-27 17:26:45,653 [DEBUG] Подклип создан методом subclip, длительность: 3.00
2025-04-27 17:26:45,654 [DEBUG] Добавлен подклип 5, общая длительность: 15.00 сек
2025-04-27 17:26:45,654 [DEBUG] Обрабатываю клип 6, длительность: 46.51 сек
2025-04-27 17:26:45,654 [DEBUG] Создаю подклип 6: начало=5.22, длительность=3.00
2025-04-27 17:26:45,762 [DEBUG] Подклип создан методом subclip, длительность: 3.00
2025-04-27 17:26:45,762 [DEBUG] Добавлен подклип 6, общая длительность: 18.00 сек
2025-04-27 17:26:45,762 [DEBUG] Обрабатываю клип 7, длительность: 4.10 сек
2025-04-27 17:26:45,762 [DEBUG] Создаю подклип 7: начало=0.59, длительность=2.00
2025-04-27 17:26:45,834 [DEBUG] Подклип создан методом subclip, длительность: 2.00
2025-04-27 17:26:45,834 [DEBUG] Добавлен подклип 7, общая длительность: 20.00 сек
2025-04-27 17:26:45,835 [DEBUG] Достигнута максимальная длительность: 20.00 сек
2025-04-27 17:26:45,835 [DEBUG] Создано 7 подклипов, общая длительность: 20.00 сек
2025-04-27 17:26:45,835 [DEBUG] Соединяю подклипы в одно видео...
2025-04-27 17:26:45,870 [DEBUG] Клипы соединены, проверяю длительность: 20.00 сек
2025-04-27 17:26:45,870 [DEBUG] Загружаю музыкальный файл: music/track.mp3
2025-04-27 17:26:45,898 [DEBUG] Музыкальный файл загружен, длительность: 160.66 сек
2025-04-27 17:26:45,898 [DEBUG] Аудио обрезано до 20.00 сек
2025-04-27 17:26:45,898 [DEBUG] Аудио добавлено к видео
2025-04-27 17:26:45,898 [DEBUG] Начинаю экспорт видео в: output/final_video_0.mp4
2025-04-27 17:26:45,898 [DEBUG] Создан временный файл для экспорта: /tmp/tmpkfua72ri.mp4
2025-04-27 17:27:05,363 [DEBUG] Видео успешно создано во временный файл, размер: 7989872 байт
2025-04-27 17:27:05,363 [DEBUG] Временный файл перемещен в конечное место: output/final_video_0.mp4
2025-04-27 17:27:05,664 [DEBUG] Видео успешно создано за 1745749625.08 секунд
2025-04-27 17:27:05,664 [DEBUG] Итоговый файл: output/final_video_0.mp4, размер: 7989872 байт
2025-04-27 17:27:05,664 [INFO] Создано видео 1/1: output/final_video_0.mp4
2025-04-27 17:27:05,664 [DEBUG] Успешно создано 1 видео
2025-04-27 17:27:05,664 [INFO] Готово! Создано 1 видео:
2025-04-27 17:27:05,664 [INFO]   1. output/final_video_0.mp4
2025-04-27 17:27:05,664 [INFO] Отладочная информация сохранена в файл debug_info.txt
2025-04-27 17:30:38,377 [DEBUG] Librosa успешно импортирован, версия: 0.11.0
2025-04-27 17:30:38,377 [DEBUG] MoviePy успешно импортирован, версия: 1.0.3
2025-04-27 17:30:38,646 [DEBUG] Использован стандартный импорт из moviepy.editor
2025-04-27 17:30:38,646 [DEBUG] Все необходимые методы присутствуют в классе VideoFileClip
